Loaded sanity check configurations
Number of experiments: 3
Epochs per optimizer: 20

======================================================================
SANITY CHECK: MCTS vs DAG-MCTS COMPARISON
======================================================================
Start time: 2026-02-16T13:39:51.881
======================================================================


######################################################################
# EXPERIMENT 1/3
######################################################################

======================================================================
Experiment: sanity_zero_3pts
======================================================================
Prime: 2, Degree: 2, Points: 3, Target: zero, Samples: 5
Dimension (num coefficients): 3
----------------------------------------------------------------------

  [Sample 1/5]
    Initial: 1.422232e+00

  [Sample 2/5]
    Initial: 1.422232e+00

  [Sample 3/5]
    Initial: 1.422232e+00

  [Sample 4/5]
    Initial: 1.422232e+00

  [Sample 5/5]
    Initial: 1.422232e+00


######################################################################
# EXPERIMENT 2/3
######################################################################

======================================================================
Experiment: sanity_one_4pts
======================================================================
Prime: 2, Degree: 3, Points: 4, Target: one, Samples: 5
Dimension (num coefficients): 4
----------------------------------------------------------------------

  [Sample 1/5]
    Initial: 3.896306e+00

  [Sample 2/5]
    Initial: 3.896306e+00

  [Sample 3/5]
    Initial: 3.896306e+00

  [Sample 4/5]
    Initial: 3.896306e+00

  [Sample 5/5]
    Initial: 3.896306e+00


######################################################################
# EXPERIMENT 3/3
######################################################################

======================================================================
Experiment: sanity_zero_6pts
======================================================================
Prime: 2, Degree: 5, Points: 6, Target: zero, Samples: 5
Dimension (num coefficients): 6
----------------------------------------------------------------------

  [Sample 1/5]
    Initial: 2.844464e+00

  [Sample 2/5]
    Initial: 2.844464e+00

  [Sample 3/5]
    Initial: 2.844464e+00

  [Sample 4/5]
    Initial: 2.844464e+00

  [Sample 5/5]
    Initial: 2.844464e+00


======================================================================
SUMMARY: MCTS vs DAG-MCTS COMPARISON
======================================================================
ERROR: LoadError: ParseError:
# Error @ /Users/pl24/Documents/naml/experiments/paper/function_learning/sanity_run.jl:421:26
                        println("    → DAG-MCTS achieves better loss (lower is better)")
                    elif loss_ratio > 1.0
#                        └ ── Expected `end`
Stacktrace:
 [1] top-level scope
   @ ~/Documents/naml/experiments/paper/function_learning/sanity_run.jl:421
 [2] include(mod::Module, _path::String)
   @ Base ./Base.jl:306
 [3] exec_options(opts::Base.JLOptions)
   @ Base ./client.jl:317
 [4] _start()
   @ Base ./client.jl:550
in expression starting at /Users/pl24/Documents/naml/experiments/paper/function_learning/sanity_run.jl:421
